[debug] [2025-08-31T11:04:21.193Z] ----------------------------------------------------------------------
[debug] [2025-08-31T11:04:21.194Z] Command:       /usr/local/bin/node /usr/local/bin/firebase init
[debug] [2025-08-31T11:04:21.195Z] CLI Version:   14.15.1
[debug] [2025-08-31T11:04:21.195Z] Platform:      darwin
[debug] [2025-08-31T11:04:21.195Z] Node Version:  v22.18.0
[debug] [2025-08-31T11:04:21.195Z] Time:          Sun Aug 31 2025 16:34:21 GMT+0530 (India Standard Time)
[debug] [2025-08-31T11:04:21.195Z] ----------------------------------------------------------------------
[debug] 
[debug] [2025-08-31T11:04:21.198Z] > command requires scopes: ["email","openid","https://www.googleapis.com/auth/cloudplatformprojects.readonly","https://www.googleapis.com/auth/firebase","https://www.googleapis.com/auth/cloud-platform"]
[debug] [2025-08-31T11:04:21.198Z] > authorizing via signed-in user (ashish.patil@flamapp.com)
[info] 
     ######## #### ########  ######## ########     ###     ######  ########
     ##        ##  ##     ## ##       ##     ##  ##   ##  ##       ##
     ######    ##  ########  ######   ########  #########  ######  ######
     ##        ##  ##    ##  ##       ##     ## ##     ##       ## ##
     ##       #### ##     ## ######## ########  ##     ##  ######  ########

You're about to initialize a Firebase project in this directory:

  /Users/ashishpatil/Desktop/Tactyl-Server/server

[info] 
=== Project Setup
[info] 
[info] First, let's associate this project directory with a Firebase project.
[info] You can create multiple project aliases by running firebase use --add, 
[info] but for now we'll just set up a default project.
[info] 
[info] i  If you want to create a project in a Google Cloud organization or folder, please use "firebase projects:create" instead, and return to this command when you've created the project. 
[debug] [2025-08-31T11:05:10.859Z] ExitPromptError: User force closed the prompt with SIGINT
    at Interface.sigint (/usr/local/lib/node_modules/firebase-tools/node_modules/@inquirer/core/dist/commonjs/lib/create-prompt.js:101:37)
    at Interface.emit (node:events:518:28)
    at Interface.emit (node:domain:489:12)
    at [_ttyWrite] [as _ttyWrite] (node:internal/readline/interface:1132:18)
    at ReadStream.onkeypress (node:internal/readline/interface:271:20)
    at ReadStream.emit (node:events:530:35)
    at ReadStream.emit (node:domain:489:12)
    at emitKeys (node:internal/readline/utils:370:14)
    at emitKeys.next (<anonymous>)
    at ReadStream.onData (node:internal/readline/emitKeypressEvents:64:36)
[error] 
[error] Error: An unexpected error has occurred.
[debug] [2025-08-31T11:05:19.335Z] ----------------------------------------------------------------------
[debug] [2025-08-31T11:05:19.336Z] Command:       /usr/local/bin/node /usr/local/bin/firebase projects:create
[debug] [2025-08-31T11:05:19.337Z] CLI Version:   14.15.1
[debug] [2025-08-31T11:05:19.337Z] Platform:      darwin
[debug] [2025-08-31T11:05:19.337Z] Node Version:  v22.18.0
[debug] [2025-08-31T11:05:19.337Z] Time:          Sun Aug 31 2025 16:35:19 GMT+0530 (India Standard Time)
[debug] [2025-08-31T11:05:19.337Z] ----------------------------------------------------------------------
[debug] 
[debug] [2025-08-31T11:05:19.340Z] > command requires scopes: ["email","openid","https://www.googleapis.com/auth/cloudplatformprojects.readonly","https://www.googleapis.com/auth/firebase","https://www.googleapis.com/auth/cloud-platform"]
[debug] [2025-08-31T11:05:19.340Z] > authorizing via signed-in user (ashish.patil@flamapp.com)
[debug] [2025-08-31T11:05:25.151Z] Checked if tokens are valid: true, expires at: 1756641847763
[debug] [2025-08-31T11:05:25.151Z] Checked if tokens are valid: true, expires at: 1756641847763
[debug] [2025-08-31T11:05:25.154Z] >>> [apiv2][query] POST https://firebase.googleapis.com/v1/projects:checkProjectId [none]
[debug] [2025-08-31T11:05:25.154Z] >>> [apiv2][body] POST https://firebase.googleapis.com/v1/projects:checkProjectId {"proposedId":"tactyl"}
[debug] [2025-08-31T11:05:26.249Z] <<< [apiv2][status] POST https://firebase.googleapis.com/v1/projects:checkProjectId 200
[debug] [2025-08-31T11:05:26.250Z] <<< [apiv2][body] POST https://firebase.googleapis.com/v1/projects:checkProjectId {"projectIdStatus":"PROJECT_ID_UNAVAILABLE","suggestedProjectId":"tactyl-5f578"}
[debug] [2025-08-31T11:07:29.576Z] Checked if tokens are valid: true, expires at: 1756641847763
[debug] [2025-08-31T11:07:29.577Z] Checked if tokens are valid: true, expires at: 1756641847763
[debug] [2025-08-31T11:07:29.578Z] >>> [apiv2][query] POST https://firebase.googleapis.com/v1/projects:checkProjectId [none]
[debug] [2025-08-31T11:07:29.579Z] >>> [apiv2][body] POST https://firebase.googleapis.com/v1/projects:checkProjectId {"proposedId":"tactyl-serve"}
[debug] [2025-08-31T11:07:31.283Z] <<< [apiv2][status] POST https://firebase.googleapis.com/v1/projects:checkProjectId 200
[debug] [2025-08-31T11:07:31.283Z] <<< [apiv2][body] POST https://firebase.googleapis.com/v1/projects:checkProjectId {"projectIdStatus":"PROJECT_ID_AVAILABLE","suggestedProjectId":"tactyl-serve"}
[debug] [2025-08-31T11:07:34.626Z] Checked if tokens are valid: true, expires at: 1756641847763
[debug] [2025-08-31T11:07:34.626Z] Checked if tokens are valid: true, expires at: 1756641847763
[debug] [2025-08-31T11:07:34.627Z] >>> [apiv2][query] POST https://cloudresourcemanager.googleapis.com/v1/projects [none]
[debug] [2025-08-31T11:07:34.627Z] >>> [apiv2][body] POST https://cloudresourcemanager.googleapis.com/v1/projects {"projectId":"tactyl-serve","name":"tactyl-serve"}
[debug] [2025-08-31T11:07:36.546Z] <<< [apiv2][status] POST https://cloudresourcemanager.googleapis.com/v1/projects 200
[debug] [2025-08-31T11:07:36.546Z] <<< [apiv2][body] POST https://cloudresourcemanager.googleapis.com/v1/projects {"name":"operations/create_project.global.8859580063198511870"}
[debug] [2025-08-31T11:07:36.547Z] Checked if tokens are valid: true, expires at: 1756641847763
[debug] [2025-08-31T11:07:36.547Z] Checked if tokens are valid: true, expires at: 1756641847763
[debug] [2025-08-31T11:07:36.548Z] >>> [apiv2][query] GET https://cloudresourcemanager.googleapis.com/v1/operations/create_project.global.8859580063198511870 [none]
[debug] [2025-08-31T11:07:38.338Z] <<< [apiv2][status] GET https://cloudresourcemanager.googleapis.com/v1/operations/create_project.global.8859580063198511870 200
[debug] [2025-08-31T11:07:38.339Z] <<< [apiv2][body] GET https://cloudresourcemanager.googleapis.com/v1/operations/create_project.global.8859580063198511870 {"name":"operations/create_project.global.8859580063198511870","metadata":{"@type":"type.googleapis.com/google.cloudresourcemanager.v1.ProjectCreationStatus","ready":true},"done":true,"error":{"code":7,"message":"No permission to create project in organization"}}
[debug] [2025-08-31T11:07:38.343Z] FirebaseError: No permission to create project in organization
    at OperationPoller.poll (/usr/local/lib/node_modules/firebase-tools/lib/operation-poller.js:24:19)
    at process.processTicksAndRejections (node:internal/process/task_queues:105:5)
    at async createCloudProject (/usr/local/lib/node_modules/firebase-tools/lib/management/projects.js:215:29)
    at async createFirebaseProjectAndLog (/usr/local/lib/node_modules/firebase-tools/lib/management/projects.js:83:9)
[error] 
[error] Error: Failed to create project. See firebase-debug.log for more info.
[debug] [2025-08-31T13:04:00.466Z] ----------------------------------------------------------------------
[debug] [2025-08-31T13:04:00.469Z] Command:       /usr/local/bin/node /usr/local/bin/firebase projects:create
[debug] [2025-08-31T13:04:00.469Z] CLI Version:   14.15.1
[debug] [2025-08-31T13:04:00.470Z] Platform:      darwin
[debug] [2025-08-31T13:04:00.470Z] Node Version:  v22.18.0
[debug] [2025-08-31T13:04:00.470Z] Time:          Sun Aug 31 2025 18:34:00 GMT+0530 (India Standard Time)
[debug] [2025-08-31T13:04:00.470Z] ----------------------------------------------------------------------
[debug] 
[debug] [2025-08-31T13:04:00.472Z] > command requires scopes: ["email","openid","https://www.googleapis.com/auth/cloudplatformprojects.readonly","https://www.googleapis.com/auth/firebase","https://www.googleapis.com/auth/cloud-platform"]
[debug] [2025-08-31T13:04:00.472Z] > authorizing via signed-in user (ashish.patil@flamapp.com)
[debug] [2025-08-31T13:04:04.591Z] Checked if tokens are valid: false, expires at: 1756641847763
[debug] [2025-08-31T13:04:04.591Z] Checked if tokens are valid: false, expires at: 1756641847763
[debug] [2025-08-31T13:04:04.592Z] > refreshing access token with scopes: []
[debug] [2025-08-31T13:04:04.596Z] >>> [apiv2][query] POST https://www.googleapis.com/oauth2/v3/token [none]
[debug] [2025-08-31T13:04:04.596Z] >>> [apiv2][body] POST https://www.googleapis.com/oauth2/v3/token [omitted]
[debug] [2025-08-31T13:04:04.801Z] <<< [apiv2][status] POST https://www.googleapis.com/oauth2/v3/token 200
[debug] [2025-08-31T13:04:04.801Z] <<< [apiv2][body] POST https://www.googleapis.com/oauth2/v3/token [omitted]
[debug] [2025-08-31T13:04:04.812Z] >>> [apiv2][query] POST https://firebase.googleapis.com/v1/projects:checkProjectId [none]
[debug] [2025-08-31T13:04:04.812Z] >>> [apiv2][body] POST https://firebase.googleapis.com/v1/projects:checkProjectId {"proposedId":"tactyl-serve"}
[debug] [2025-08-31T13:04:05.515Z] <<< [apiv2][status] POST https://firebase.googleapis.com/v1/projects:checkProjectId 200
[debug] [2025-08-31T13:04:05.515Z] <<< [apiv2][body] POST https://firebase.googleapis.com/v1/projects:checkProjectId {"projectIdStatus":"PROJECT_ID_AVAILABLE","suggestedProjectId":"tactyl-serve"}
[debug] [2025-08-31T13:04:09.143Z] Checked if tokens are valid: true, expires at: 1756649043801
[debug] [2025-08-31T13:04:09.144Z] Checked if tokens are valid: true, expires at: 1756649043801
[debug] [2025-08-31T13:04:09.144Z] >>> [apiv2][query] POST https://cloudresourcemanager.googleapis.com/v1/projects [none]
[debug] [2025-08-31T13:04:09.144Z] >>> [apiv2][body] POST https://cloudresourcemanager.googleapis.com/v1/projects {"projectId":"tactyl-serve","name":"tactyl-serve"}
[debug] [2025-08-31T13:04:10.610Z] <<< [apiv2][status] POST https://cloudresourcemanager.googleapis.com/v1/projects 200
[debug] [2025-08-31T13:04:10.610Z] <<< [apiv2][body] POST https://cloudresourcemanager.googleapis.com/v1/projects {"name":"operations/create_project.global.5097162709273560960"}
[debug] [2025-08-31T13:04:10.612Z] Checked if tokens are valid: true, expires at: 1756649043801
[debug] [2025-08-31T13:04:10.612Z] Checked if tokens are valid: true, expires at: 1756649043801
[debug] [2025-08-31T13:04:10.612Z] >>> [apiv2][query] GET https://cloudresourcemanager.googleapis.com/v1/operations/create_project.global.5097162709273560960 [none]
[debug] [2025-08-31T13:04:11.858Z] <<< [apiv2][status] GET https://cloudresourcemanager.googleapis.com/v1/operations/create_project.global.5097162709273560960 200
[debug] [2025-08-31T13:04:11.858Z] <<< [apiv2][body] GET https://cloudresourcemanager.googleapis.com/v1/operations/create_project.global.5097162709273560960 {"name":"operations/create_project.global.5097162709273560960","metadata":{"@type":"type.googleapis.com/google.cloudresourcemanager.v1.ProjectCreationStatus","ready":true},"done":true,"error":{"code":7,"message":"No permission to create project in organization"}}
[debug] [2025-08-31T13:04:11.861Z] FirebaseError: No permission to create project in organization
    at OperationPoller.poll (/usr/local/lib/node_modules/firebase-tools/lib/operation-poller.js:24:19)
    at process.processTicksAndRejections (node:internal/process/task_queues:105:5)
    at async createCloudProject (/usr/local/lib/node_modules/firebase-tools/lib/management/projects.js:215:29)
    at async createFirebaseProjectAndLog (/usr/local/lib/node_modules/firebase-tools/lib/management/projects.js:83:9)
[error] 
[error] Error: Failed to create project. See firebase-debug.log for more info.
